2003.05.28 07:48 B C:\Projects\XPCOM\final\XPCOM_Book\Output\images\appA2.gif --> ftp.brownhen.com /domains/brownhen.com/html/Output/images appA2.gif
2003.05.28 07:48 B C:\Projects\XPCOM\final\XPCOM_Book\Output\images\appA3.gif --> ftp.brownhen.com /domains/brownhen.com/html/Output/images appA3.gif
2003.05.28 07:48 B C:\Projects\XPCOM\final\XPCOM_Book\Output\images\appA4.gif --> ftp.brownhen.com /domains/brownhen.com/html/Output/images appA4.gif
2003.05.28 07:48 B C:\Projects\XPCOM\final\XPCOM_Book\Output\images\appA5.gif --> ftp.brownhen.com /domains/brownhen.com/html/Output/images appA5.gif
2003.05.28 07:48 B C:\Projects\XPCOM\final\XPCOM_Book\Output\images\appA6.gif --> ftp.brownhen.com /domains/brownhen.com/html/Output/images appA6.gif
2003.05.28 07:48 B C:\Projects\XPCOM\final\XPCOM_Book\Output\images\appA7.gif --> ftp.brownhen.com /domains/brownhen.com/html/Output/images appA7.gif
2003.05.28 07:48 B C:\Projects\XPCOM\final\XPCOM_Book\Output\images\appA8.gif --> ftp.brownhen.com /domains/brownhen.com/html/Output/images appA8.gif
2003.05.28 07:48 B C:\Projects\XPCOM\final\XPCOM_Book\Output\images\appAa.gif --> ftp.brownhen.com /domains/brownhen.com/html/Output/images appAa.gif
2003.05.28 07:48 B C:\Projects\XPCOM\final\XPCOM_Book\Output\images\backgrnd.gif --> ftp.brownhen.com /domains/brownhen.com/html/Output/images backgrnd.gif
2003.05.28 07:48 B C:\Projects\XPCOM\final\XPCOM_Book\Output\images\component_internals22.gif --> ftp.brownhen.com /domains/brownhen.com/html/Output/images component_internals22.gif
2003.05.28 07:48 B C:\Projects\XPCOM\final\XPCOM_Book\Output\images\component_internals23.gif --> ftp.brownhen.com /domains/brownhen.com/html/Output/images component_internals23.gif
2003.05.28 07:48 B C:\Projects\XPCOM\final\XPCOM_Book\Output\images\component_internals24.gif --> ftp.brownhen.com /domains/brownhen.com/html/Output/images component_internals24.gif
2003.05.28 07:48 B C:\Projects\XPCOM\final\XPCOM_Book\Output\images\component_internals2a.gif --> ftp.brownhen.com /domains/brownhen.com/html/Output/images component_internals2a.gif
2003.05.28 07:48 B C:\Projects\XPCOM\final\XPCOM_Book\Output\images\components2.gif --> ftp.brownhen.com /domains/brownhen.com/html/Output/images components2.gif
2003.05.28 07:48 B C:\Projects\XPCOM\final\XPCOM_Book\Output\images\components3.gif --> ftp.brownhen.com /domains/brownhen.com/html/Output/images components3.gif
2003.05.28 07:48 B C:\Projects\XPCOM\final\XPCOM_Book\Output\images\componentsa.gif --> ftp.brownhen.com /domains/brownhen.com/html/Output/images componentsa.gif
2003.05.28 07:48 B C:\Projects\XPCOM\final\XPCOM_Book\Output\images\cookie_mgr_dlog.gif --> ftp.brownhen.com /domains/brownhen.com/html/Output/images cookie_mgr_dlog.gif
2003.05.28 07:48 B C:\Projects\XPCOM\final\XPCOM_Book\Output\images\cview.gif --> ftp.brownhen.com /domains/brownhen.com/html/Output/images cview.gif
2003.05.28 07:48 B C:\Projects\XPCOM\final\XPCOM_Book\Output\images\navidx.gif --> ftp.brownhen.com /domains/brownhen.com/html/Output/images navidx.gif
2003.05.28 07:48 B C:\Projects\XPCOM\final\XPCOM_Book\Output\images\navidxx.gif --> ftp.brownhen.com /domains/brownhen.com/html/Output/images navidxx.gif
2003.05.28 07:48 B C:\Projects\XPCOM\final\XPCOM_Book\Output\images\navnext.gif --> ftp.brownhen.com /domains/brownhen.com/html/Output/images navnext.gif
2003.05.28 07:48 B C:\Projects\XPCOM\final\XPCOM_Book\Output\images\navnextx.gif --> ftp.brownhen.com /domains/brownhen.com/html/Output/images navnextx.gif
2003.05.28 07:48 B C:\Projects\XPCOM\final\XPCOM_Book\Output\images\navprev.gif --> ftp.brownhen.com /domains/brownhen.com/html/Output/images navprev.gif
2003.05.28 07:48 B C:\Projects\XPCOM\final\XPCOM_Book\Output\images\navprevx.gif --> ftp.brownhen.com /domains/brownhen.com/html/Output/images navprevx.gif
2003.05.28 07:48 B C:\Projects\XPCOM\final\XPCOM_Book\Output\images\navtoc.gif --> ftp.brownhen.com /domains/brownhen.com/html/Output/images navtoc.gif
2003.05.28 07:48 B C:\Projects\XPCOM\final\XPCOM_Book\Output\images\navtocx.gif --> ftp.brownhen.com /domains/brownhen.com/html/Output/images navtocx.gif
2003.05.28 07:48 B C:\Projects\XPCOM\final\XPCOM_Book\Output\images\weblock2.gif --> ftp.brownhen.com /domains/brownhen.com/html/Output/images weblock2.gif
2003.05.28 07:48 B C:\Projects\XPCOM\final\XPCOM_Book\Output\images\weblock3.gif --> ftp.brownhen.com /domains/brownhen.com/html/Output/images weblock3.gif
2003.05.28 07:48 B C:\Projects\XPCOM\final\XPCOM_Book\Output\images\weblock4.gif --> ftp.brownhen.com /domains/brownhen.com/html/Output/images weblock4.gif
2003.05.28 07:48 B C:\Projects\XPCOM\final\XPCOM_Book\Output\images\weblock5.gif --> ftp.brownhen.com /domains/brownhen.com/html/Output/images weblock5.gif
2003.05.28 07:48 B C:\Projects\XPCOM\final\XPCOM_Book\Output\images\weblock6.gif --> ftp.brownhen.com /domains/brownhen.com/html/Output/images weblock6.gif
2003.05.28 07:48 B C:\Projects\XPCOM\final\XPCOM_Book\Output\images\weblock_finish2.gif --> ftp.brownhen.com /domains/brownhen.com/html/Output/images weblock_finish2.gif
2003.05.28 07:48 B C:\Projects\XPCOM\final\XPCOM_Book\Output\images\weblock_finisha.gif --> ftp.brownhen.com /domains/brownhen.com/html/Output/images weblock_finisha.gif
2003.05.28 07:48 B C:\Projects\XPCOM\final\XPCOM_Book\Output\images\weblock_icon.gif --> ftp.brownhen.com /domains/brownhen.com/html/Output/images weblock_icon.gif
2003.05.28 07:48 B C:\Projects\XPCOM\final\XPCOM_Book\Output\images\weblock_packagea.gif --> ftp.brownhen.com /domains/brownhen.com/html/Output/images weblock_packagea.gif
2003.05.28 07:48 B C:\Projects\XPCOM\final\XPCOM_Book\Output\images\weblock_ui2.gif --> ftp.brownhen.com /domains/brownhen.com/html/Output/images weblock_ui2.gif
2003.05.28 07:48 B C:\Projects\XPCOM\final\XPCOM_Book\Output\images\weblocka.gif --> ftp.brownhen.com /domains/brownhen.com/html/Output/images weblocka.gif
2003.05.28 07:48 B C:\Projects\XPCOM\final\XPCOM_Book\Output\images\webworks.gif --> ftp.brownhen.com /domains/brownhen.com/html/Output/images webworks.gif
2003.05.28 07:48 B C:\Projects\XPCOM\final\XPCOM_Book\Output\images\wwplogo.jpg --> ftp.brownhen.com /domains/brownhen.com/html/Output/images wwplogo.jpg
2003.05.28 13:22 B C:\Projects\XPCOM\final\XPCOM_Book\Output\images\WS_FTP.LOG --> ftp.brownhen.com /domains/brownhen.com/html/xpcom/images WS_FTP.LOG
2003.05.28 13:22 B C:\Projects\XPCOM\final\XPCOM_Book\Output\images\xpcom.gif --> ftp.brownhen.com /domains/brownhen.com/html/xpcom/images xpcom.gif
2003.05.28 15:42 B C:\Projects\XPCOM\final\XPCOM_Book\Output\images\xpcom.gif --> ftp.brownhen.com /domains/brownhen.com/html/xpcom/images xpcom.gif
